<?xml version="1.0" encoding="UTF-8"?>
<!-- Generated by org.testng.reporters.JUnitReportReporter -->
<testsuite hostname="rizwans-mbp.mynet" failures="0" tests="1" name="files.staticJson" time="3.307" errors="0" timestamp="2020-05-10T17:41:45 BST" skipped="0">
  <testcase classname="files.staticJson" name="addbook" time="3.307"/>
  <system-out/>
</testsuite> <!-- files.staticJson -->
