<?xml version="1.0" encoding="UTF-8"?>
<!-- Generated by org.testng.reporters.JUnitReportReporter -->
<testsuite hostname="rizwans-mbp.mynet" failures="0" tests="1" name="files.staticJson_practice" time="2.851" errors="0" timestamp="2020-05-11T13:39:14 BST" skipped="0">
  <testcase classname="files.staticJson_practice" name="addbook" time="2.851"/>
  <system-out/>
</testsuite> <!-- files.staticJson_practice -->
