<?xml version="1.0" encoding="UTF-8"?>
<!-- Generated by org.testng.reporters.JUnitReportReporter -->
<testsuite hostname="rizwans-mbp.mynet" failures="0" tests="1" name="files.dynamicJson" time="2.603" errors="0" timestamp="2020-05-08T13:40:58 BST" skipped="0">
  <testcase classname="files.dynamicJson" name="addbook" time="2.603"/>
  <system-out/>
</testsuite> <!-- files.dynamicJson -->
