<?xml version="1.0" encoding="UTF-8"?>
<!-- Generated by org.testng.reporters.JUnitReportReporter -->
<testsuite hostname="rizwans-mbp.mynet" failures="0" tests="4" name="files.dynamicJson" time="4.790" errors="0" timestamp="2020-05-10T17:39:57 BST" skipped="0">
  <testcase classname="files.dynamicJson" name="addbook" time="0.354"/>
  <system-out/>
  <testcase classname="files.dynamicJson" name="addbook" time="3.740"/>
  <system-out/>
  <testcase classname="files.dynamicJson" name="addbook" time="0.355"/>
  <system-out/>
  <testcase classname="files.dynamicJson" name="addbook" time="0.341"/>
  <system-out/>
</testsuite> <!-- files.dynamicJson -->
