<?xml version="1.0" encoding="UTF-8"?>
<!-- Generated by org.testng.reporters.JUnitReportReporter -->
<testsuite hostname="rizwans-mbp.mynet" failures="0" tests="1" name="sumValidation" time="1.567" errors="0" timestamp="2020-05-08T09:21:12 BST" skipped="0">
  <testcase classname="sumValidation" name="sumOfcourses" time="1.567"/>
  <system-out/>
</testsuite> <!-- sumValidation -->
