<?xml version="1.0" encoding="UTF-8"?>
<!-- Generated by org.testng.reporters.JUnitReportReporter -->
<testsuite hostname="rizwans-mbp.mynet" failures="0" tests="4" name="files.dynamicJson" time="4.629" errors="0" timestamp="2020-05-09T14:27:26 BST" skipped="0">
  <testcase classname="files.dynamicJson" name="addbook" time="0.349"/>
  <system-out/>
  <testcase classname="files.dynamicJson" name="addbook" time="3.564"/>
  <system-out/>
  <testcase classname="files.dynamicJson" name="addbook" time="0.367"/>
  <system-out/>
  <testcase classname="files.dynamicJson" name="addbook" time="0.349"/>
  <system-out/>
</testsuite> <!-- files.dynamicJson -->
